2017-02-07 13:50:15,265 0    [main] WARN  org.hibernate.engine.jdbc.connections.internal.DriverManagerConnectionProviderImpl  - HHH000402: Using Hibernate built-in connection pool (not for production use!)
2017-02-07 13:50:17,565 2300 [main] WARN  org.hibernate.engine.jdbc.spi.SqlExceptionHelper  - SQL Error: 1048, SQLState: 23000
2017-02-07 13:50:17,565 2300 [main] ERROR org.hibernate.engine.jdbc.spi.SqlExceptionHelper  - Column 'password' cannot be null
2017-02-07 13:50:17,567 2302 [main] WARN  org.hibernate.engine.jdbc.spi.SqlExceptionHelper  - SQL Warning Code: 1048, SQLState: 23000
2017-02-07 13:50:17,568 2303 [main] WARN  org.hibernate.engine.jdbc.spi.SqlExceptionHelper  - Column 'password' cannot be null
2017-02-07 13:50:17,568 2303 [main] WARN  org.hibernate.engine.jdbc.spi.SqlExceptionHelper  - SQL Warning Code: 1048, SQLState: 23000
2017-02-07 13:50:17,568 2303 [main] WARN  org.hibernate.engine.jdbc.spi.SqlExceptionHelper  - Column 'username' cannot be null
2017-02-07 13:50:17,583 2318 [main] ERROR edu.matc.persistence.UserDao  - Runtime exception to add user: org.hibernate.exception.ConstraintViolationException: could not execute statement
2017-02-14 15:26:44,483 0    [main] WARN  org.hibernate.engine.jdbc.connections.internal.DriverManagerConnectionProviderImpl  - HHH000402: Using Hibernate built-in connection pool (not for production use!)
2017-02-14 20:19:47,570 0    [main] WARN  org.hibernate.engine.jdbc.connections.internal.DriverManagerConnectionProviderImpl  - HHH000402: Using Hibernate built-in connection pool (not for production use!)
2017-02-14 20:20:09,281 0    [main] WARN  org.hibernate.engine.jdbc.connections.internal.DriverManagerConnectionProviderImpl  - HHH000402: Using Hibernate built-in connection pool (not for production use!)
2017-02-14 20:24:04,501 0    [main] WARN  org.hibernate.engine.jdbc.connections.internal.DriverManagerConnectionProviderImpl  - HHH000402: Using Hibernate built-in connection pool (not for production use!)
2017-02-14 20:25:48,031 0    [main] WARN  org.hibernate.engine.jdbc.connections.internal.DriverManagerConnectionProviderImpl  - HHH000402: Using Hibernate built-in connection pool (not for production use!)
2017-02-14 20:31:12,161 0    [main] WARN  org.hibernate.engine.jdbc.connections.internal.DriverManagerConnectionProviderImpl  - HHH000402: Using Hibernate built-in connection pool (not for production use!)
2017-02-14 20:32:26,337 0    [main] WARN  org.hibernate.engine.jdbc.connections.internal.DriverManagerConnectionProviderImpl  - HHH000402: Using Hibernate built-in connection pool (not for production use!)
2017-02-14 20:39:17,067 0    [main] WARN  org.hibernate.engine.jdbc.connections.internal.DriverManagerConnectionProviderImpl  - HHH000402: Using Hibernate built-in connection pool (not for production use!)
2017-02-14 20:45:48,080 0    [main] WARN  org.hibernate.engine.jdbc.connections.internal.DriverManagerConnectionProviderImpl  - HHH000402: Using Hibernate built-in connection pool (not for production use!)
2017-02-14 20:53:43,957 0    [main] WARN  org.hibernate.engine.jdbc.connections.internal.DriverManagerConnectionProviderImpl  - HHH000402: Using Hibernate built-in connection pool (not for production use!)
2017-02-14 20:54:07,295 0    [main] WARN  org.hibernate.engine.jdbc.connections.internal.DriverManagerConnectionProviderImpl  - HHH000402: Using Hibernate built-in connection pool (not for production use!)
2017-02-14 20:59:24,905 0    [main] WARN  org.hibernate.engine.jdbc.connections.internal.DriverManagerConnectionProviderImpl  - HHH000402: Using Hibernate built-in connection pool (not for production use!)
2017-02-14 21:00:29,390 0    [main] WARN  org.hibernate.engine.jdbc.connections.internal.DriverManagerConnectionProviderImpl  - HHH000402: Using Hibernate built-in connection pool (not for production use!)
2017-02-14 21:12:31,164 0    [main] WARN  org.hibernate.engine.jdbc.connections.internal.DriverManagerConnectionProviderImpl  - HHH000402: Using Hibernate built-in connection pool (not for production use!)
2017-02-14 21:18:32,992 0    [main] WARN  org.hibernate.engine.jdbc.connections.internal.DriverManagerConnectionProviderImpl  - HHH000402: Using Hibernate built-in connection pool (not for production use!)
2017-02-14 21:23:10,728 0    [main] WARN  org.hibernate.engine.jdbc.connections.internal.DriverManagerConnectionProviderImpl  - HHH000402: Using Hibernate built-in connection pool (not for production use!)
2017-02-16 21:17:42,937 0    [main] WARN  org.hibernate.engine.jdbc.connections.internal.DriverManagerConnectionProviderImpl  - HHH000402: Using Hibernate built-in connection pool (not for production use!)
2017-02-16 21:17:45,883 2946 [main] WARN  org.hibernate.engine.jdbc.spi.SqlExceptionHelper  - SQL Error: 1054, SQLState: 42S22
2017-02-16 21:17:45,884 2947 [main] ERROR org.hibernate.engine.jdbc.spi.SqlExceptionHelper  - Unknown column 'this_.id' in 'field list'
2017-02-16 21:17:45,885 2948 [main] ERROR edu.matc.persistence.UserDao  - Exception: org.hibernate.exception.SQLGrammarException: could not extract ResultSet
2017-02-16 21:17:46,014 3077 [main] WARN  org.hibernate.engine.jdbc.spi.SqlExceptionHelper  - SQL Error: 1054, SQLState: 42S22
2017-02-16 21:17:46,015 3078 [main] ERROR org.hibernate.engine.jdbc.spi.SqlExceptionHelper  - Unknown column 'user0_.id' in 'field list'
2017-02-16 21:17:46,015 3078 [main] ERROR edu.matc.persistence.UserDao  - Exception: org.hibernate.exception.SQLGrammarException: could not extract ResultSet
2017-02-16 21:17:46,021 3084 [main] WARN  org.hibernate.engine.jdbc.spi.SqlExceptionHelper  - SQL Warning Code: 1054, SQLState: 42S22
2017-02-16 21:17:46,021 3084 [main] WARN  org.hibernate.engine.jdbc.spi.SqlExceptionHelper  - Unknown column 'user0_.id' in 'field list'
2017-02-16 21:18:12,050 0    [main] WARN  org.hibernate.engine.jdbc.connections.internal.DriverManagerConnectionProviderImpl  - HHH000402: Using Hibernate built-in connection pool (not for production use!)
2017-02-16 21:18:12,901 851  [main] WARN  org.hibernate.engine.jdbc.spi.SqlExceptionHelper  - SQL Error: 1054, SQLState: 42S22
2017-02-16 21:18:12,901 851  [main] ERROR org.hibernate.engine.jdbc.spi.SqlExceptionHelper  - Unknown column 'this_.id' in 'field list'
2017-02-16 21:18:12,903 853  [main] ERROR edu.matc.persistence.UserDao  - Exception: org.hibernate.exception.SQLGrammarException: could not extract ResultSet
2017-02-16 21:18:12,953 903  [main] WARN  org.hibernate.engine.jdbc.spi.SqlExceptionHelper  - SQL Error: 1054, SQLState: 42S22
2017-02-16 21:18:12,953 903  [main] ERROR org.hibernate.engine.jdbc.spi.SqlExceptionHelper  - Unknown column 'user0_.id' in 'field list'
2017-02-16 21:18:12,954 904  [main] ERROR edu.matc.persistence.UserDao  - Exception: org.hibernate.exception.SQLGrammarException: could not extract ResultSet
2017-02-16 21:18:12,954 904  [main] WARN  org.hibernate.engine.jdbc.spi.SqlExceptionHelper  - SQL Warning Code: 1054, SQLState: 42S22
2017-02-16 21:18:12,954 904  [main] WARN  org.hibernate.engine.jdbc.spi.SqlExceptionHelper  - Unknown column 'user0_.id' in 'field list'
2017-02-16 21:19:19,759 0    [main] WARN  org.hibernate.engine.jdbc.connections.internal.DriverManagerConnectionProviderImpl  - HHH000402: Using Hibernate built-in connection pool (not for production use!)
2017-02-16 21:19:20,517 758  [main] WARN  org.hibernate.engine.jdbc.spi.SqlExceptionHelper  - SQL Error: 1054, SQLState: 42S22
2017-02-16 21:19:20,517 758  [main] ERROR org.hibernate.engine.jdbc.spi.SqlExceptionHelper  - Unknown column 'this_.id' in 'field list'
2017-02-16 21:19:20,518 759  [main] ERROR edu.matc.persistence.UserDao  - Exception: org.hibernate.exception.SQLGrammarException: could not extract ResultSet
2017-02-16 21:19:20,563 804  [main] WARN  org.hibernate.engine.jdbc.spi.SqlExceptionHelper  - SQL Error: 1054, SQLState: 42S22
2017-02-16 21:19:20,563 804  [main] ERROR org.hibernate.engine.jdbc.spi.SqlExceptionHelper  - Unknown column 'user0_.id' in 'field list'
2017-02-16 21:19:20,563 804  [main] ERROR edu.matc.persistence.UserDao  - Exception: org.hibernate.exception.SQLGrammarException: could not extract ResultSet
2017-02-16 21:19:20,564 805  [main] WARN  org.hibernate.engine.jdbc.spi.SqlExceptionHelper  - SQL Warning Code: 1054, SQLState: 42S22
2017-02-16 21:19:20,564 805  [main] WARN  org.hibernate.engine.jdbc.spi.SqlExceptionHelper  - Unknown column 'user0_.id' in 'field list'
2017-02-16 21:20:16,423 1    [main] WARN  org.hibernate.engine.jdbc.connections.internal.DriverManagerConnectionProviderImpl  - HHH000402: Using Hibernate built-in connection pool (not for production use!)
2017-02-16 21:20:18,944 2522 [main] WARN  org.hibernate.engine.jdbc.spi.SqlExceptionHelper  - SQL Error: 1054, SQLState: 42S22
2017-02-16 21:20:18,944 2522 [main] ERROR org.hibernate.engine.jdbc.spi.SqlExceptionHelper  - Unknown column 'this_.id' in 'field list'
2017-02-16 21:20:18,945 2523 [main] ERROR edu.matc.persistence.UserDao  - Exception: org.hibernate.exception.SQLGrammarException: could not extract ResultSet
2017-02-16 21:20:19,074 2652 [main] WARN  org.hibernate.engine.jdbc.spi.SqlExceptionHelper  - SQL Error: 1054, SQLState: 42S22
2017-02-16 21:20:19,075 2653 [main] ERROR org.hibernate.engine.jdbc.spi.SqlExceptionHelper  - Unknown column 'user0_.id' in 'field list'
2017-02-16 21:20:19,075 2653 [main] ERROR edu.matc.persistence.UserDao  - Exception: org.hibernate.exception.SQLGrammarException: could not extract ResultSet
2017-02-16 21:20:19,076 2654 [main] WARN  org.hibernate.engine.jdbc.spi.SqlExceptionHelper  - SQL Warning Code: 1054, SQLState: 42S22
2017-02-16 21:20:19,076 2654 [main] WARN  org.hibernate.engine.jdbc.spi.SqlExceptionHelper  - Unknown column 'user0_.id' in 'field list'
2017-02-16 21:23:49,167 0    [main] WARN  org.hibernate.engine.jdbc.connections.internal.DriverManagerConnectionProviderImpl  - HHH000402: Using Hibernate built-in connection pool (not for production use!)
2017-02-16 21:23:50,205 1038 [main] WARN  org.hibernate.engine.jdbc.spi.SqlExceptionHelper  - SQL Error: 1054, SQLState: 42S22
2017-02-16 21:23:50,205 1038 [main] ERROR org.hibernate.engine.jdbc.spi.SqlExceptionHelper  - Unknown column 'this_.id' in 'field list'
2017-02-16 21:23:50,206 1039 [main] ERROR edu.matc.persistence.UserDao  - Exception: org.hibernate.exception.SQLGrammarException: could not extract ResultSet
2017-02-16 21:25:41,713 0    [main] WARN  org.hibernate.engine.jdbc.connections.internal.DriverManagerConnectionProviderImpl  - HHH000402: Using Hibernate built-in connection pool (not for production use!)
2017-02-16 21:25:42,830 1117 [main] WARN  org.hibernate.engine.jdbc.spi.SqlExceptionHelper  - SQL Error: 1054, SQLState: 42S22
2017-02-16 21:25:42,830 1117 [main] ERROR org.hibernate.engine.jdbc.spi.SqlExceptionHelper  - Unknown column 'this_.id' in 'field list'
2017-02-16 21:25:42,831 1118 [main] ERROR edu.matc.persistence.UserDao  - Exception: org.hibernate.exception.SQLGrammarException: could not extract ResultSet
2017-02-16 22:19:58,366 0    [main] WARN  org.hibernate.engine.jdbc.connections.internal.DriverManagerConnectionProviderImpl  - HHH000402: Using Hibernate built-in connection pool (not for production use!)
2017-02-16 22:20:27,079 0    [main] WARN  org.hibernate.engine.jdbc.connections.internal.DriverManagerConnectionProviderImpl  - HHH000402: Using Hibernate built-in connection pool (not for production use!)
2017-02-17 19:45:36,741 0    [main] WARN  org.hibernate.engine.jdbc.connections.internal.DriverManagerConnectionProviderImpl  - HHH000402: Using Hibernate built-in connection pool (not for production use!)
2017-02-17 19:45:43,645 6904 [main] WARN  org.hibernate.engine.jdbc.spi.SqlExceptionHelper  - SQL Error: 1054, SQLState: 42S22
2017-02-17 19:45:43,645 6904 [main] ERROR org.hibernate.engine.jdbc.spi.SqlExceptionHelper  - Unknown column 'this_.role' in 'field list'
2017-02-17 19:45:43,657 6916 [main] ERROR edu.matc.persistence.UserDao  - Exception: org.hibernate.exception.SQLGrammarException: could not extract ResultSet
2017-02-17 19:45:43,964 7223 [main] WARN  org.hibernate.engine.jdbc.spi.SqlExceptionHelper  - SQL Error: 1054, SQLState: 42S22
2017-02-17 19:45:43,965 7224 [main] ERROR org.hibernate.engine.jdbc.spi.SqlExceptionHelper  - Unknown column 'user0_.role' in 'field list'
2017-02-17 19:45:43,965 7224 [main] ERROR edu.matc.persistence.UserDao  - Exception: org.hibernate.exception.SQLGrammarException: could not extract ResultSet
2017-02-17 19:45:43,966 7225 [main] WARN  org.hibernate.engine.jdbc.spi.SqlExceptionHelper  - SQL Warning Code: 1054, SQLState: 42S22
2017-02-17 19:45:43,966 7225 [main] WARN  org.hibernate.engine.jdbc.spi.SqlExceptionHelper  - Unknown column 'user0_.role' in 'field list'
2017-02-17 19:49:48,348 0    [main] WARN  org.hibernate.engine.jdbc.connections.internal.DriverManagerConnectionProviderImpl  - HHH000402: Using Hibernate built-in connection pool (not for production use!)
2017-02-17 19:49:49,071 723  [main] WARN  org.hibernate.engine.jdbc.spi.SqlExceptionHelper  - SQL Error: 1054, SQLState: 42S22
2017-02-17 19:49:49,071 723  [main] ERROR org.hibernate.engine.jdbc.spi.SqlExceptionHelper  - Unknown column 'this_.role' in 'field list'
2017-02-17 19:49:49,072 724  [main] ERROR edu.matc.persistence.UserDao  - Exception: org.hibernate.exception.SQLGrammarException: could not extract ResultSet
